
==========================================================
  Nigeria Property Centre — Agent Contact Scraper
==========================================================
[INIT].... → Crawl4AI 0.8.6

📋 STEP 1: Collecting all agent profile URLs...
   (Resuming — 76 agents already done)

  → Listing page 1 ... [FETCH]... ↓ https://nigeriapropertycentre.com/agents
| ✓ | ⏱: 3.40s
[SCRAPE].. ◆ https://nigeriapropertycentre.com/agents
| ✓ | ⏱: 0.08s
[COMPLETE] ● https://nigeriapropertycentre.com/agents
| ✓ | ⏱: 3.51s
✓ 20 agents (total: 20)
  → Listing page 2 ... [FETCH]... ↓ https://nigeriapropertycentre.com/agents?page=2
| ✓ | ⏱: 3.30s
[SCRAPE].. ◆ https://nigeriapropertycentre.com/agents?page=2
| ✓ | ⏱: 0.16s
[COMPLETE] ● https://nigeriapropertycentre.com/agents?page=2
| ✓ | ⏱: 3.50s
✓ 20 agents (total: 40)
  → Listing page 3 ... [FETCH]... ↓ https://nigeriapropertycentre.com/agents?page=3
| ✓ | ⏱: 3.38s
[SCRAPE].. ◆ https://nigeriapropertycentre.com/agents?page=3
| ✓ | ⏱: 0.09s
[COMPLETE] ● https://nigeriapropertycentre.com/agents?page=3
| ✓ | ⏱: 3.50s
✓ 20 agents (total: 60)
  → Listing page 4 ... [FETCH]... ↓ https://nigeriapropertycentre.com/agents?page=4
| ✓ | ⏱: 3.44s
[SCRAPE].. ◆ https://nigeriapropertycentre.com/agents?page=4
| ✓ | ⏱: 0.09s
[COMPLETE] ● https://nigeriapropertycentre.com/agents?page=4
| ✓ | ⏱: 3.56s
✓ 20 agents (total: 80)
  → Listing page 5 ... [FETCH]... ↓ https://nigeriapropertycentre.com/agents?page=5
| ✓ | ⏱: 3.58s
[SCRAPE].. ◆ https://nigeriapropertycentre.com/agents?page=5
| ✓ | ⏱: 0.09s
[COMPLETE] ● https://nigeriapropertycentre.com/agents?page=5
| ✓ | ⏱: 3.70s
✓ 20 agents (total: 100)
  → Listing page 6 ... [FETCH]... ↓ https://nigeriapropertycentre.com/agents?page=6
| ✓ | ⏱: 3.41s
[SCRAPE].. ◆ https://nigeriapropertycentre.com/agents?page=6
| ✓ | ⏱: 0.10s
[COMPLETE] ● https://nigeriapropertycentre.com/agents?page=6
| ✓ | ⏱: 3.53s
✓ 20 agents (total: 120)
  → Listing page 7 ... [FETCH]... ↓ https://nigeriapropertycentre.com/agents?page=7
| ✓ | ⏱: 3.65s
[SCRAPE].. ◆ https://nigeriapropertycentre.com/agents?page=7
| ✓ | ⏱: 0.09s
[COMPLETE] ● https://nigeriapropertycentre.com/agents?page=7
| ✓ | ⏱: 3.77s
✓ 20 agents (total: 140)
  → Listing page 8 ... [FETCH]... ↓ https://nigeriapropertycentre.com/agents?page=8
| ✓ | ⏱: 3.55s
[SCRAPE].. ◆ https://nigeriapropertycentre.com/agents?page=8
| ✓ | ⏱: 0.10s
[COMPLETE] ● https://nigeriapropertycentre.com/agents?page=8
| ✓ | ⏱: 3.67s
✓ 20 agents (total: 160)
  → Listing page 9 ... [FETCH]... ↓ https://nigeriapropertycentre.com/agents?page=9
| ✓ | ⏱: 3.34s
[SCRAPE].. ◆ https://nigeriapropertycentre.com/agents?page=9
| ✓ | ⏱: 0.10s
[COMPLETE] ● https://nigeriapropertycentre.com/agents?page=9
| ✓ | ⏱: 3.46s
✓ 20 agents (total: 180)
  → Listing page 10 ... [FETCH]... ↓ https://nigeriapropertycentre.com/agents?page=10
| ✓ | ⏱: 3.39s
[SCRAPE].. ◆ https://nigeriapropertycentre.com/agents?page=10
| ✓ | ⏱: 0.10s
[COMPLETE] ● https://nigeriapropertycentre.com/agents?page=10
| ✓ | ⏱: 3.51s
✓ 20 agents (total: 200)
  → Listing page 11 ... [FETCH]... ↓ https://nigeriapropertycentre.com/agents?page=11
| ✓ | ⏱: 3.32s
[SCRAPE].. ◆ https://nigeriapropertycentre.com/agents?page=11
| ✓ | ⏱: 0.10s
[COMPLETE] ● https://nigeriapropertycentre.com/agents?page=11
| ✓ | ⏱: 3.44s
✓ 20 agents (total: 220)
  → Listing page 12 ... [FETCH]... ↓ https://nigeriapropertycentre.com/agents?page=12
| ✓ | ⏱: 3.41s
[SCRAPE].. ◆ https://nigeriapropertycentre.com/agents?page=12
| ✓ | ⏱: 0.10s
[COMPLETE] ● https://nigeriapropertycentre.com/agents?page=12
| ✓ | ⏱: 3.53s
✓ 20 agents (total: 240)
  → Listing page 13 ... [FETCH]... ↓ https://nigeriapropertycentre.com/agents?page=13
| ✓ | ⏱: 3.41s
[SCRAPE].. ◆ https://nigeriapropertycentre.com/agents?page=13
| ✓ | ⏱: 0.11s
[COMPLETE] ● https://nigeriapropertycentre.com/agents?page=13
| ✓ | ⏱: 3.54s
✓ 20 agents (total: 260)
  → Listing page 14 ... [FETCH]... ↓ https://nigeriapropertycentre.com/agents?page=14
| ✓ | ⏱: 3.48s
[SCRAPE].. ◆ https://nigeriapropertycentre.com/agents?page=14
| ✓ | ⏱: 0.10s
[COMPLETE] ● https://nigeriapropertycentre.com/agents?page=14
| ✓ | ⏱: 3.60s
